\BOOKMARK [1][-]{section*.1}{\376\377\004\022\004\022\004\025\004\024\004\025\004\035\004\030\004\025}{}% 1
\BOOKMARK [1][-]{section.1}{\376\377\004\034\004\070\004\075\004\070\004\074\004\060\004\073\004\114\004\075\004\113\004\065\000\040\004\102\004\100\004\065\004\061\004\076\004\062\004\060\004\075\004\070\004\117\000\040\004\064\004\073\004\117\000\040\004\072\004\073\004\060\004\101\004\101\004\060\000\040\000<\000<\004\023\004\100\004\060\004\104\000>\000>}{}% 2
\BOOKMARK [2][-]{subsection.1.1}{\376\377\004\043\004\101\004\073\004\076\004\062\004\070\004\065\000\040\004\067\004\060\004\064\004\060\004\075\004\070\004\117}{section.1}% 3
\BOOKMARK [2][-]{subsection.1.2}{\376\377\004\037\004\100\004\070\004\074\004\065\004\100\004\113\000\040\004\070\004\101\004\105\004\076\004\064\004\075\004\076\004\063\004\076\000\040\004\072\004\076\004\064\004\060}{section.1}% 4
\BOOKMARK [2][-]{subsection.1.3}{\376\377\004\037\004\100\004\070\004\074\004\065\004\100\004\113\000\040\004\062\004\105\004\076\004\064\004\075\004\113\004\105\000\040\004\070\000\040\004\062\004\113\004\105\004\076\004\064\004\075\004\113\004\105\000\040\004\064\004\060\004\075\004\075\004\113\004\105}{section.1}% 5
\BOOKMARK [1][-]{section.2}{\376\377\004\041\004\077\004\070\004\101\004\076\004\072\000\040\004\101\004\074\004\065\004\066\004\075\004\076\004\101\004\102\004\070\000\040\000I\000a}{}% 6
\BOOKMARK [2][-]{subsection.2.1}{\376\377\004\043\004\101\004\073\004\076\004\062\004\070\004\065\000\040\004\067\004\060\004\064\004\060\004\075\004\070\004\117}{section.2}% 7
\BOOKMARK [2][-]{subsection.2.2}{\376\377\004\037\004\100\004\070\004\074\004\065\004\100\004\113\000\040\004\070\004\101\004\105\004\076\004\064\004\075\004\076\004\063\004\076\000\040\004\072\004\076\004\064\004\060}{section.2}% 8
\BOOKMARK [2][-]{subsection.2.3}{\376\377\004\032\004\100\004\060\004\102\004\072\004\076\004\065\000\040\004\076\004\077\004\070\004\101\004\060\004\075\004\070\004\065\000\040\004\060\004\073\004\063\004\076\004\100\004\070\004\102\004\074\004\060}{section.2}% 9
\BOOKMARK [2][-]{subsection.2.4}{\376\377\004\037\004\100\004\070\004\074\004\065\004\100\004\113\000\040\004\062\004\105\004\076\004\064\004\075\004\113\004\105\000\040\004\070\000\040\004\062\004\113\004\105\004\076\004\064\004\075\004\113\004\105\000\040\004\064\004\060\004\075\004\075\004\113\004\105}{section.2}% 10
\BOOKMARK [3][-]{subsubsection.2.4.1}{\376\377\004\022\004\105\004\076\004\064\004\075\004\113\004\065\000\040\004\064\004\060\004\075\004\075\004\113\004\065}{subsection.2.4}% 11
\BOOKMARK [3][-]{subsubsection.2.4.2}{\376\377\004\022\004\113\004\105\004\076\004\064\004\075\004\113\004\065\000\040\004\064\004\060\004\075\004\075\004\113\004\065}{subsection.2.4}% 12
\BOOKMARK [1][-]{section.3}{\376\377\004\041\004\077\004\070\004\101\004\076\004\072\000\040\004\101\004\074\004\065\004\066\004\075\004\076\004\101\004\102\004\070\000\040\000I\000a}{}% 13
\BOOKMARK [2][-]{subsection.3.1}{\376\377\004\043\004\101\004\073\004\076\004\062\004\070\004\065\000\040\004\067\004\060\004\064\004\060\004\075\004\070\004\117}{section.3}% 14
\BOOKMARK [2][-]{subsection.3.2}{\376\377\004\037\004\100\004\070\004\074\004\065\004\100\004\113\000\040\004\070\004\101\004\105\004\076\004\064\004\075\004\076\004\063\004\076\000\040\004\072\004\076\004\064\004\060}{section.3}% 15
\BOOKMARK [2][-]{subsection.3.3}{\376\377\004\032\004\100\004\060\004\102\004\072\004\076\004\065\000\040\004\076\004\077\004\070\004\101\004\060\004\075\004\070\004\065\000\040\004\060\004\073\004\063\004\076\004\100\004\070\004\102\004\074\004\060}{section.3}% 16
\BOOKMARK [2][-]{subsection.3.4}{\376\377\004\037\004\100\004\070\004\074\004\065\004\100\004\113\000\040\004\062\004\105\004\076\004\064\004\075\004\113\004\105\000\040\004\070\000\040\004\062\004\113\004\105\004\076\004\064\004\075\004\113\004\105\000\040\004\064\004\060\004\075\004\075\004\113\004\105}{section.3}% 17
\BOOKMARK [3][-]{subsubsection.3.4.1}{\376\377\004\022\004\105\004\076\004\064\004\075\004\113\004\065\000\040\004\064\004\060\004\075\004\075\004\113\004\065}{subsection.3.4}% 18
\BOOKMARK [3][-]{subsubsection.3.4.2}{\376\377\004\022\004\113\004\105\004\076\004\064\004\075\004\113\004\065\000\040\004\064\004\060\004\075\004\075\004\113\004\065}{subsection.3.4}% 19
\BOOKMARK [1][-]{section.4}{\376\377\004\041\004\077\004\070\004\101\004\076\004\072\000\040\004\101\004\074\004\065\004\066\004\075\004\076\004\101\004\102\004\070\000\040\000I\004\061\000:\000\040\004\075\004\065\004\101\004\072\004\076\004\073\004\114\004\072\004\076\000\040\004\063\004\100\004\060\004\104\004\076\004\062}{}% 20
\BOOKMARK [2][-]{subsection.4.1}{\376\377\004\043\004\101\004\073\004\076\004\062\004\070\004\065\000\040\004\067\004\060\004\064\004\060\004\075\004\070\004\117}{section.4}% 21
\BOOKMARK [2][-]{subsection.4.2}{\376\377\004\037\004\100\004\070\004\074\004\065\004\100\004\113\000\040\004\070\004\101\004\105\004\076\004\064\004\075\004\076\004\063\004\076\000\040\004\072\004\076\004\064\004\060}{section.4}% 22
\BOOKMARK [2][-]{subsection.4.3}{\376\377\004\032\004\100\004\060\004\102\004\072\004\076\004\065\000\040\004\076\004\077\004\070\004\101\004\060\004\075\004\070\004\065\000\040\004\060\004\073\004\063\004\076\004\100\004\070\004\102\004\074\004\060}{section.4}% 23
\BOOKMARK [2][-]{subsection.4.4}{\376\377\004\037\004\100\004\070\004\074\004\065\004\100\004\113\000\040\004\062\004\105\004\076\004\064\004\075\004\113\004\105\000\040\004\070\000\040\004\062\004\113\004\105\004\076\004\064\004\075\004\113\004\105\000\040\004\064\004\060\004\075\004\075\004\113\004\105}{section.4}% 24
\BOOKMARK [3][-]{subsubsection.4.4.1}{\376\377\004\022\004\105\004\076\004\064\004\075\004\113\004\065\000\040\004\064\004\060\004\075\004\075\004\113\004\065}{subsection.4.4}% 25
\BOOKMARK [3][-]{subsubsection.4.4.2}{\376\377\004\022\004\113\004\105\004\076\004\064\004\075\004\113\004\065\000\040\004\064\004\060\004\075\004\075\004\113\004\065}{subsection.4.4}% 26
\BOOKMARK [1][-]{section.5}{\376\377\004\036\004\061\004\105\004\076\004\064\004\113\000\040\004\063\004\100\004\060\004\104\004\060\000\040\000I\000I}{}% 27
\BOOKMARK [2][-]{subsection.5.1}{\376\377\004\043\004\101\004\073\004\076\004\062\004\070\004\065\000\040\004\067\004\060\004\064\004\060\004\075\004\070\004\117}{section.5}% 28
\BOOKMARK [2][-]{subsection.5.2}{\376\377\004\037\004\100\004\070\004\074\004\065\004\100\004\113\000\040\004\070\004\101\004\105\004\076\004\064\004\075\004\076\004\063\004\076\000\040\004\072\004\076\004\064\004\060}{section.5}% 29
\BOOKMARK [2][-]{subsection.5.3}{\376\377\004\032\004\100\004\060\004\102\004\072\004\076\004\065\000\040\004\076\004\077\004\070\004\101\004\060\004\075\004\070\004\065\000\040\004\060\004\073\004\063\004\076\004\100\004\070\004\102\004\074\004\060}{section.5}% 30
\BOOKMARK [2][-]{subsection.5.4}{\376\377\004\037\004\100\004\070\004\074\004\065\004\100\004\113\000\040\004\062\004\105\004\076\004\064\004\075\004\113\004\105\000\040\004\070\000\040\004\062\004\113\004\105\004\076\004\064\004\075\004\113\004\105\000\040\004\064\004\060\004\075\004\075\004\113\004\105}{section.5}% 31
\BOOKMARK [3][-]{subsubsection.5.4.1}{\376\377\004\022\004\105\004\076\004\064\004\075\004\113\004\065\000\040\004\064\004\060\004\075\004\075\004\113\004\065}{subsection.5.4}% 32
\BOOKMARK [3][-]{subsubsection.5.4.2}{\376\377\004\022\004\113\004\105\004\076\004\064\004\075\004\113\004\065\000\040\004\064\004\060\004\075\004\075\004\113\004\065}{subsection.5.4}% 33
\BOOKMARK [1][-]{section.6}{\376\377\004\036\004\061\004\105\004\076\004\064\004\113\000\040\004\063\004\100\004\060\004\104\004\060\000\040\000I\000I}{}% 34
\BOOKMARK [2][-]{subsection.6.1}{\376\377\004\043\004\101\004\073\004\076\004\062\004\070\004\065\000\040\004\067\004\060\004\064\004\060\004\075\004\070\004\117}{section.6}% 35
\BOOKMARK [2][-]{subsection.6.2}{\376\377\004\037\004\100\004\070\004\074\004\065\004\100\004\113\000\040\004\070\004\101\004\105\004\076\004\064\004\075\004\076\004\063\004\076\000\040\004\072\004\076\004\064\004\060}{section.6}% 36
\BOOKMARK [2][-]{subsection.6.3}{\376\377\004\032\004\100\004\060\004\102\004\072\004\076\004\065\000\040\004\076\004\077\004\070\004\101\004\060\004\075\004\070\004\065\000\040\004\060\004\073\004\063\004\076\004\100\004\070\004\102\004\074\004\060}{section.6}% 37
\BOOKMARK [2][-]{subsection.6.4}{\376\377\004\037\004\100\004\070\004\074\004\065\004\100\004\113\000\040\004\062\004\105\004\076\004\064\004\075\004\113\004\105\000\040\004\070\000\040\004\062\004\113\004\105\004\076\004\064\004\075\004\113\004\105\000\040\004\064\004\060\004\075\004\075\004\113\004\105}{section.6}% 38
\BOOKMARK [3][-]{subsubsection.6.4.1}{\376\377\004\022\004\105\004\076\004\064\004\075\004\113\004\065\000\040\004\064\004\060\004\075\004\075\004\113\004\065}{subsection.6.4}% 39
\BOOKMARK [3][-]{subsubsection.6.4.2}{\376\377\004\022\004\113\004\105\004\076\004\064\004\075\004\113\004\065\000\040\004\064\004\060\004\075\004\075\004\113\004\065}{subsection.6.4}% 40
\BOOKMARK [1][-]{section.7}{\376\377\004\032\004\060\004\100\004\072\004\060\004\101\000\040\000I\000I\000I}{}% 41
\BOOKMARK [2][-]{subsection.7.1}{\376\377\004\043\004\101\004\073\004\076\004\062\004\070\004\065\000\040\004\067\004\060\004\064\004\060\004\075\004\070\004\117}{section.7}% 42
\BOOKMARK [2][-]{subsection.7.2}{\376\377\004\037\004\100\004\070\004\074\004\065\004\100\004\113\000\040\004\070\004\101\004\105\004\076\004\064\004\075\004\076\004\063\004\076\000\040\004\072\004\076\004\064\004\060}{section.7}% 43
\BOOKMARK [2][-]{subsection.7.3}{\376\377\004\032\004\100\004\060\004\102\004\072\004\076\004\065\000\040\004\076\004\077\004\070\004\101\004\060\004\075\004\070\004\065\000\040\004\060\004\073\004\063\004\076\004\100\004\070\004\102\004\074\004\060}{section.7}% 44
\BOOKMARK [2][-]{subsection.7.4}{\376\377\004\037\004\100\004\070\004\074\004\065\004\100\004\113\000\040\004\062\004\105\004\076\004\064\004\075\004\113\004\105\000\040\004\070\000\040\004\062\004\113\004\105\004\076\004\064\004\075\004\113\004\105\000\040\004\064\004\060\004\075\004\075\004\113\004\105}{section.7}% 45
\BOOKMARK [3][-]{subsubsection.7.4.1}{\376\377\004\022\004\105\004\076\004\064\004\075\004\113\004\065\000\040\004\064\004\060\004\075\004\075\004\113\004\065}{subsection.7.4}% 46
\BOOKMARK [3][-]{subsubsection.7.4.2}{\376\377\004\022\004\113\004\105\004\076\004\064\004\075\004\113\004\065\000\040\004\064\004\060\004\075\004\075\004\113\004\065}{subsection.7.4}% 47
\BOOKMARK [1][-]{section.8}{\376\377\004\022\004\065\004\101\004\060\000\040\000I\000V\000\040\004\060}{}% 48
\BOOKMARK [2][-]{subsection.8.1}{\376\377\004\043\004\101\004\073\004\076\004\062\004\070\004\065\000\040\004\067\004\060\004\064\004\060\004\075\004\070\004\117}{section.8}% 49
\BOOKMARK [2][-]{subsection.8.2}{\376\377\004\037\004\100\004\070\004\074\004\065\004\100\004\113\000\040\004\070\004\101\004\105\004\076\004\064\004\075\004\076\004\063\004\076\000\040\004\072\004\076\004\064\004\060}{section.8}% 50
\BOOKMARK [2][-]{subsection.8.3}{\376\377\004\032\004\100\004\060\004\102\004\072\004\076\004\065\000\040\004\076\004\077\004\070\004\101\004\060\004\075\004\070\004\065\000\040\004\060\004\073\004\063\004\076\004\100\004\070\004\102\004\074\004\060}{section.8}% 51
\BOOKMARK [2][-]{subsection.8.4}{\376\377\004\037\004\100\004\070\004\074\004\065\004\100\004\113\000\040\004\062\004\105\004\076\004\064\004\075\004\113\004\105\000\040\004\070\000\040\004\062\004\113\004\105\004\076\004\064\004\075\004\113\004\105\000\040\004\064\004\060\004\075\004\075\004\113\004\105}{section.8}% 52
\BOOKMARK [3][-]{subsubsection.8.4.1}{\376\377\004\022\004\105\004\076\004\064\004\075\004\113\004\065\000\040\004\064\004\060\004\075\004\075\004\113\004\065}{subsection.8.4}% 53
\BOOKMARK [3][-]{subsubsection.8.4.2}{\376\377\004\022\004\113\004\105\004\076\004\064\004\075\004\113\004\065\000\040\004\064\004\060\004\075\004\075\004\113\004\065}{subsection.8.4}% 54
\BOOKMARK [1][-]{section.9}{\376\377\004\022\004\065\004\101\004\060\000\040\000I\000V\000\040\000b}{}% 55
\BOOKMARK [2][-]{subsection.9.1}{\376\377\004\043\004\101\004\073\004\076\004\062\004\070\004\065\000\040\004\067\004\060\004\064\004\060\004\075\004\070\004\117}{section.9}% 56
\BOOKMARK [2][-]{subsection.9.2}{\376\377\004\037\004\100\004\070\004\074\004\065\004\100\004\113\000\040\004\070\004\101\004\105\004\076\004\064\004\075\004\076\004\063\004\076\000\040\004\072\004\076\004\064\004\060}{section.9}% 57
\BOOKMARK [2][-]{subsection.9.3}{\376\377\004\032\004\100\004\060\004\102\004\072\004\076\004\065\000\040\004\076\004\077\004\070\004\101\004\060\004\075\004\070\004\065\000\040\004\060\004\073\004\063\004\076\004\100\004\070\004\102\004\074\004\060}{section.9}% 58
\BOOKMARK [2][-]{subsection.9.4}{\376\377\004\037\004\100\004\070\004\074\004\065\004\100\004\113\000\040\004\062\004\105\004\076\004\064\004\075\004\113\004\105\000\040\004\070\000\040\004\062\004\113\004\105\004\076\004\064\004\075\004\113\004\105\000\040\004\064\004\060\004\075\004\075\004\113\004\105}{section.9}% 59
\BOOKMARK [3][-]{subsubsection.9.4.1}{\376\377\004\022\004\105\004\076\004\064\004\075\004\113\004\065\000\040\004\064\004\060\004\075\004\075\004\113\004\065}{subsection.9.4}% 60
\BOOKMARK [3][-]{subsubsection.9.4.2}{\376\377\004\022\004\113\004\105\004\076\004\064\004\075\004\113\004\065\000\040\004\064\004\060\004\075\004\075\004\113\004\065}{subsection.9.4}% 61
\BOOKMARK [1][-]{section.10}{\376\377\004\022\004\065\004\101\004\060\000\040\000I\000V\000\040\000c}{}% 62
\BOOKMARK [2][-]{subsection.10.1}{\376\377\004\043\004\101\004\073\004\076\004\062\004\070\004\065\000\040\004\067\004\060\004\064\004\060\004\075\004\070\004\117}{section.10}% 63
\BOOKMARK [2][-]{subsection.10.2}{\376\377\004\037\004\100\004\070\004\074\004\065\004\100\004\113\000\040\004\070\004\101\004\105\004\076\004\064\004\075\004\076\004\063\004\076\000\040\004\072\004\076\004\064\004\060}{section.10}% 64
\BOOKMARK [2][-]{subsection.10.3}{\376\377\004\032\004\100\004\060\004\102\004\072\004\076\004\065\000\040\004\076\004\077\004\070\004\101\004\060\004\075\004\070\004\065\000\040\004\060\004\073\004\063\004\076\004\100\004\070\004\102\004\074\004\060}{section.10}% 65
\BOOKMARK [2][-]{subsection.10.4}{\376\377\004\037\004\100\004\070\004\074\004\065\004\100\004\113\000\040\004\062\004\105\004\076\004\064\004\075\004\113\004\105\000\040\004\070\000\040\004\062\004\113\004\105\004\076\004\064\004\075\004\113\004\105\000\040\004\064\004\060\004\075\004\075\004\113\004\105}{section.10}% 66
\BOOKMARK [3][-]{subsubsection.10.4.1}{\376\377\004\022\004\105\004\076\004\064\004\075\004\113\004\065\000\040\004\064\004\060\004\075\004\075\004\113\004\065}{subsection.10.4}% 67
\BOOKMARK [3][-]{subsubsection.10.4.2}{\376\377\004\022\004\113\004\105\004\076\004\064\004\075\004\113\004\065\000\040\004\064\004\060\004\075\004\075\004\113\004\065}{subsection.10.4}% 68
\BOOKMARK [1][-]{section.11}{\376\377\004\034\004\060\004\072\004\101\004\070\004\074\004\060\004\073\004\114\004\075\004\113\004\071\000\040\004\077\004\076\004\102\004\076\004\072}{}% 69
\BOOKMARK [2][-]{subsection.11.1}{\376\377\004\043\004\101\004\073\004\076\004\062\004\070\004\065\000\040\004\067\004\060\004\064\004\060\004\075\004\070\004\117}{section.11}% 70
\BOOKMARK [2][-]{subsection.11.2}{\376\377\004\037\004\100\004\070\004\074\004\065\004\100\004\113\000\040\004\070\004\101\004\105\004\076\004\064\004\075\004\076\004\063\004\076\000\040\004\072\004\076\004\064\004\060}{section.11}% 71
\BOOKMARK [2][-]{subsection.11.3}{\376\377\004\032\004\100\004\060\004\102\004\072\004\076\004\065\000\040\004\076\004\077\004\070\004\101\004\060\004\075\004\070\004\065\000\040\004\060\004\073\004\063\004\076\004\100\004\070\004\102\004\074\004\060}{section.11}% 72
\BOOKMARK [2][-]{subsection.11.4}{\376\377\004\037\004\100\004\070\004\074\004\065\004\100\004\113\000\040\004\062\004\105\004\076\004\064\004\075\004\113\004\105\000\040\004\070\000\040\004\062\004\113\004\105\004\076\004\064\004\075\004\113\004\105\000\040\004\064\004\060\004\075\004\075\004\113\004\105}{section.11}% 73
\BOOKMARK [3][-]{subsubsection.11.4.1}{\376\377\004\022\004\105\004\076\004\064\004\075\004\113\004\065\000\040\004\064\004\060\004\075\004\075\004\113\004\065}{subsection.11.4}% 74
\BOOKMARK [3][-]{subsubsection.11.4.2}{\376\377\004\022\004\113\004\105\004\076\004\064\004\075\004\113\004\065\000\040\004\064\004\060\004\075\004\075\004\113\004\065}{subsection.11.4}% 75
\BOOKMARK [3][-]{subsubsection.11.4.3}{\376\377\004\022\004\105\004\076\004\064\004\075\004\113\004\065\000\040\004\064\004\060\004\075\004\075\004\113\004\065}{subsection.11.4}% 76
\BOOKMARK [3][-]{subsubsection.11.4.4}{\376\377\004\022\004\113\004\105\004\076\004\064\004\075\004\113\004\065\000\040\004\064\004\060\004\075\004\075\004\113\004\065}{subsection.11.4}% 77
\BOOKMARK [3][-]{subsubsection.11.4.5}{\376\377\004\022\004\105\004\076\004\064\004\075\004\113\004\065\000\040\004\064\004\060\004\075\004\075\004\113\004\065}{subsection.11.4}% 78
\BOOKMARK [3][-]{subsubsection.11.4.6}{\376\377\004\022\004\113\004\105\004\076\004\064\004\075\004\113\004\065\000\040\004\064\004\060\004\075\004\075\004\113\004\065}{subsection.11.4}% 79
\BOOKMARK [1][-]{section*.34}{\376\377\004\027\004\020\004\032\004\033\004\056\004\047\004\025\004\035\004\030\004\025}{}% 80
\BOOKMARK [1][-]{appendix.A}{\376\377\004\032\004\076\004\074\004\077\004\076\004\075\004\065\004\075\004\102\000\040\000A\000p\000p\000\040\004\062\004\065\004\061\000-\004\070\004\075\004\102\004\065\004\100\004\104\004\065\004\071\004\101\004\060}{}% 81
\BOOKMARK [1][-]{appendix.B}{\376\377\004\024\004\076\004\077\004\076\004\073\004\075\004\070\004\102\004\065\004\073\004\114\004\075\004\113\004\071\000\040\004\072\004\076\004\064\000\040\004\072\000\040\004\067\004\060\004\064\004\060\004\075\004\070\004\116\000\040\000<\000<\004\034\004\060\004\072\004\101\004\070\004\074\004\060\004\073\004\114\004\075\004\113\004\071\000\040\004\077\004\076\004\102\004\076\004\072\000>\000>}{}% 82
